<?xml version="1.0" encoding="UTF-8"?>
<!-- Generated by org.testng.reporters.JUnitXMLReporter -->
<testsuite ignored="0" hostname="NTY-EN-8D25HC2" failures="1" tests="11" name="Smoke tests - Portal QA env" time="494.192" errors="0" timestamp="2021-01-27T16:38:24 IST">
  <testcase classname="Tests.Environments.InitAndCleanupPortal" name="cleanupAgents" time="489.224">
    <failure type="java.lang.AssertionError" message="Uninstall failed. Trustwave Endpoint Agent Service still found after timeout(sec): 180

Video: C:\Nep-4-next\nep-qa-next@f35aa3a96df\nep-qa-automation/test-output/capture/InitAndCleanupPortal-27-01-2021-16.30.10.avi

">
      <![CDATA[java.lang.AssertionError: Uninstall failed. Trustwave Endpoint Agent Service still found after timeout(sec): 180

Video: C:\Nep-4-next\nep-qa-next@f35aa3a96df\nep-qa-automation/test-output/capture/InitAndCleanupPortal-27-01-2021-16.30.10.avi


at Actions.WinAgentActions.uninstallEndpoint(WinAgentActions.java:162)
at Tests.Environments.InitAndCleanupPortal.verifyServiceUninstalledOrForceUninstall(InitAndCleanupPortal.java:101)
at Tests.Environments.InitAndCleanupPortal.cleanupAgents(InitAndCleanupPortal.java:72)
at java.base/java.util.ArrayList.forEach(ArrayList.java:1540)
at Utils.Main.RunTest.main(RunTest.java:116)
... Removed 25 stack frames]]>
    </failure>
  </testcase> <!-- cleanupAgents -->
  <testcase classname="Tests.Environments.CreateNewInstallers" name="CreateNewInstalllersAndDeleteOldInstallers" time="0.0">
    <skipped/>
  </testcase> <!-- CreateNewInstalllersAndDeleteOldInstallers -->
  <testcase classname="Tests.Environments.DownloadInstallers" name="downloadInstallersFromFileCabinet" time="0.0">
    <skipped/>
  </testcase> <!-- downloadInstallersFromFileCabinet -->
  <testcase classname="Tests.LNE.ChangeCustomerConfAndVerify" name="changeCustomerConfAndVerify" time="0.0">
    <skipped/>
  </testcase> <!-- changeCustomerConfAndVerify -->
  <testcase classname="Tests.Environments.InstallEndPointEnvironmentsTest" name="InstallTest" time="0.0">
    <skipped/>
  </testcase> <!-- InstallTest -->
  <testcase classname="Tests.Environments.VerifyEndPointOkAtPortalTest" name="VerifyEndPointStatusAtPortalTest" time="0.0">
    <skipped/>
  </testcase> <!-- VerifyEndPointStatusAtPortalTest -->
  <testcase classname="Tests.Environments.ClientLogToPortalTest" name="SendLogsAndVerify" time="0.0">
    <skipped/>
  </testcase> <!-- SendLogsAndVerify -->
  <testcase classname="Tests.LNE.DeleteEndpoint" name="deleteEndpoint" time="0.0">
    <skipped/>
  </testcase> <!-- deleteEndpoint -->
  <testcase classname="Tests.LNE.RevokeEndpoint" name="revokeEndpoint" time="0.0">
    <skipped/>
  </testcase> <!-- revokeEndpoint -->
  <testcase classname="Tests.LNE.ClusterConfiguration" name="setClusterConfiguration" time="0.0">
    <skipped/>
  </testcase> <!-- setClusterConfiguration -->
  <testcase classname="Tests.LNE.StandaloneEPconfigurationVerify" name="verifyStandaloneEPconfiguration" time="0.0">
    <skipped/>
  </testcase> <!-- verifyStandaloneEPconfiguration -->
</testsuite> <!-- Smoke tests - Portal QA env -->
