<?xml version="1.0" encoding="UTF-8"?>
<!-- Generated by org.testng.reporters.JUnitXMLReporter -->
<testsuite ignored="0" hostname="NTY-EN-8D25HC2" failures="1" tests="11" name="Smoke tests - Portal QA env" time="21.15" errors="0" timestamp="2021-02-18T15:21:48 IST">
  <testcase classname="Tests.Environments.InitAndCleanupPortal" name="cleanupAgents" time="21.058">
    <failure type="java.lang.AssertionError" message="Could not create SSH connection to machine: 10.243.68.105  user name: Moshe.Avidor password: Smile2009@ port number: 22
com.jcraft.jsch.JSchException: java.net.ConnectException: Connection timed out: connect

Video: C:\Nep-4-next\nep-qa-next@f35aa3a96df\nep-qa-automation/test-output/capture/InitAndCleanupPortal-18-02-2021-15.21.27.avi

">
      <![CDATA[java.lang.AssertionError: Could not create SSH connection to machine: 10.243.68.105  user name: Moshe.Avidor password: Smile2009@ port number: 22
com.jcraft.jsch.JSchException: java.net.ConnectException: Connection timed out: connect

Video: C:\Nep-4-next\nep-qa-next@f35aa3a96df\nep-qa-automation/test-output/capture/InitAndCleanupPortal-18-02-2021-15.21.27.avi


at Utils.Remote.SSHManager.Connect(SSHManager.java:61)
at Utils.Remote.SSHManager.<init>(SSHManager.java:32)
at Actions.BaseAgentActions.<init>(BaseAgentActions.java:46)
at Actions.WinAgentActions.<init>(WinAgentActions.java:42)
at Actions.AgentActionsFactory.getAgentActions(AgentActionsFactory.java:11)
at Tests.Environments.InitAndCleanupPortal.cleanupAgents(InitAndCleanupPortal.java:54)
at java.base/java.util.ArrayList.forEach(ArrayList.java:1540)
at Utils.Main.RunTest.main(RunTest.java:116)
... Removed 25 stack frames]]>
    </failure>
  </testcase> <!-- cleanupAgents -->
  <testcase classname="Tests.Environments.CreateNewInstallers" name="CreateNewInstalllersAndDeleteOldInstallers" time="0.001">
    <skipped/>
  </testcase> <!-- CreateNewInstalllersAndDeleteOldInstallers -->
  <testcase classname="Tests.Environments.DownloadInstallers" name="downloadInstallersFromFileCabinet" time="0.0">
    <skipped/>
  </testcase> <!-- downloadInstallersFromFileCabinet -->
  <testcase classname="Tests.LNE.ChangeCustomerConfAndVerify" name="changeCustomerConfAndVerify" time="0.0">
    <skipped/>
  </testcase> <!-- changeCustomerConfAndVerify -->
  <testcase classname="Tests.Environments.InstallEndPointEnvironmentsTest" name="InstallTest" time="0.0">
    <skipped/>
  </testcase> <!-- InstallTest -->
  <testcase classname="Tests.Environments.VerifyEndPointOkAtPortalTest" name="VerifyEndPointStatusAtPortalTest" time="0.0">
    <skipped/>
  </testcase> <!-- VerifyEndPointStatusAtPortalTest -->
  <testcase classname="Tests.Environments.ClientLogToPortalTest" name="SendLogsAndVerify" time="0.0">
    <skipped/>
  </testcase> <!-- SendLogsAndVerify -->
  <testcase classname="Tests.LNE.DeleteEndpoint" name="deleteEndpoint" time="0.0">
    <skipped/>
  </testcase> <!-- deleteEndpoint -->
  <testcase classname="Tests.LNE.RevokeEndpoint" name="revokeEndpoint" time="0.0">
    <skipped/>
  </testcase> <!-- revokeEndpoint -->
  <testcase classname="Tests.LNE.ClusterConfiguration" name="setClusterConfiguration" time="0.0">
    <skipped/>
  </testcase> <!-- setClusterConfiguration -->
  <testcase classname="Tests.LNE.StandaloneEPconfigurationVerify" name="verifyStandaloneEPconfiguration" time="0.0">
    <skipped/>
  </testcase> <!-- verifyStandaloneEPconfiguration -->
</testsuite> <!-- Smoke tests - Portal QA env -->
