<?xml version="1.0" encoding="UTF-8"?>
<!-- Generated by org.testng.reporters.JUnitReportReporter -->
<testsuite hostname="NTY-EN-8D25HC2" failures="1" tests="1" name="Tests.Environments.InitAndCleanupPortal" time="490.075" errors="0" timestamp="2021-01-27T16:38:24 IST" skipped="0">
  <testcase classname="Tests.Environments.InitAndCleanupPortal" name="cleanupAgents" time="490.075">
    <failure message="Uninstall failed. Trustwave Endpoint Agent Service still found after timeout(sec): 180

Video: C:\Nep-4-next\nep-qa-next@f35aa3a96df\nep-qa-automation/test-output/capture/InitAndCleanupPortal-27-01-2021-16.30.10.avi

" type="java.lang.AssertionError">
      <![CDATA[java.lang.AssertionError: Uninstall failed. Trustwave Endpoint Agent Service still found after timeout(sec): 180

Video: C:\Nep-4-next\nep-qa-next@f35aa3a96df\nep-qa-automation/test-output/capture/InitAndCleanupPortal-27-01-2021-16.30.10.avi


at org.testng.Assert.fail(Assert.java:97)
at Actions.WinAgentActions.uninstallEndpoint(WinAgentActions.java:162)
at Tests.Environments.InitAndCleanupPortal.verifyServiceUninstalledOrForceUninstall(InitAndCleanupPortal.java:101)
at Tests.Environments.InitAndCleanupPortal.cleanupAgents(InitAndCleanupPortal.java:72)
at java.base/jdk.internal.reflect.NativeMethodAccessorImpl.invoke0(Native Method)
at java.base/jdk.internal.reflect.NativeMethodAccessorImpl.invoke(NativeMethodAccessorImpl.java:62)
at java.base/jdk.internal.reflect.DelegatingMethodAccessorImpl.invoke(DelegatingMethodAccessorImpl.java:43)
at java.base/java.lang.reflect.Method.invoke(Method.java:567)
at org.testng.internal.MethodInvocationHelper.invokeMethod(MethodInvocationHelper.java:134)
at org.testng.internal.TestInvoker.invokeMethod(TestInvoker.java:597)
at org.testng.internal.TestInvoker.invokeTestMethod(TestInvoker.java:173)
at org.testng.internal.MethodRunner.runInSequence(MethodRunner.java:46)
at org.testng.internal.TestInvoker$MethodInvocationAgent.invoke(TestInvoker.java:816)
at org.testng.internal.TestInvoker.invokeTestMethods(TestInvoker.java:146)
at org.testng.internal.TestMethodWorker.invokeTestMethods(TestMethodWorker.java:146)
at org.testng.internal.TestMethodWorker.run(TestMethodWorker.java:128)
at java.base/java.util.ArrayList.forEach(ArrayList.java:1540)
at org.testng.TestRunner.privateRun(TestRunner.java:766)
at org.testng.TestRunner.run(TestRunner.java:587)
at org.testng.SuiteRunner.runTest(SuiteRunner.java:384)
at org.testng.SuiteRunner.runSequentially(SuiteRunner.java:378)
at org.testng.SuiteRunner.privateRun(SuiteRunner.java:337)
at org.testng.SuiteRunner.run(SuiteRunner.java:286)
at org.testng.SuiteRunnerWorker.runSuite(SuiteRunnerWorker.java:53)
at org.testng.SuiteRunnerWorker.run(SuiteRunnerWorker.java:96)
at org.testng.TestNG.runSuitesSequentially(TestNG.java:1187)
at org.testng.TestNG.runSuitesLocally(TestNG.java:1109)
at org.testng.TestNG.runSuites(TestNG.java:1039)
at org.testng.TestNG.run(TestNG.java:1007)
at Utils.Main.RunTest.main(RunTest.java:116)
]]>
    </failure>
  </testcase> <!-- cleanupAgents -->
  <system-out/>
</testsuite> <!-- Tests.Environments.InitAndCleanupPortal -->
