<?xml version="1.0" encoding="UTF-8"?>
<!-- Generated by org.testng.reporters.JUnitReportReporter -->
<testsuite hostname="NTY-EN-8D25HC2" failures="0" tests="1" name="Tests.Environments.ClientLogToPortalTest" time="0.000" errors="0" timestamp="2021-02-18T15:21:48 IST" skipped="1">
  <testcase classname="Tests.Environments.ClientLogToPortalTest" name="SendLogsAndVerify" time="0.000">
    <skipped/>
  </testcase> <!-- SendLogsAndVerify -->
  <system-out/>
</testsuite> <!-- Tests.Environments.ClientLogToPortalTest -->
