<?xml version="1.0" encoding="UTF-8"?>
<!-- Generated by org.testng.reporters.JUnitReportReporter -->
<testsuite hostname="NTY-EN-8D25HC2" failures="0" tests="1" name="Tests.Environments.CreateNewInstallers" time="0.001" errors="0" timestamp="2021-02-18T15:21:48 IST" skipped="1">
  <testcase classname="Tests.Environments.CreateNewInstallers" name="CreateNewInstalllersAndDeleteOldInstallers" time="0.001">
    <skipped/>
  </testcase> <!-- CreateNewInstalllersAndDeleteOldInstallers -->
  <system-out/>
</testsuite> <!-- Tests.Environments.CreateNewInstallers -->
