<?xml version="1.0" encoding="UTF-8"?>
<!-- Generated by org.testng.reporters.JUnitReportReporter -->
<testsuite hostname="NTY-EN-8D25HC2" failures="0" tests="1" name="Tests.LNE.ClusterConfiguration" time="0.000" errors="0" timestamp="2021-01-20T15:49:15 IST" skipped="1">
  <testcase classname="Tests.LNE.ClusterConfiguration" name="setClusterConfiguration" time="0.000">
    <skipped/>
  </testcase> <!-- setClusterConfiguration -->
  <system-out/>
</testsuite> <!-- Tests.LNE.ClusterConfiguration -->
